TN:
SF:components\Button.tsx
FN:27,Button
FNF:1
FNH:1
FNDA:18,Button
DA:37,18
DA:38,18
DA:40,18
DA:46,18
DA:53,18
DA:75,2
LF:6
LH:6
BRDA:30,0,0,15
BRDA:31,1,0,16
BRDA:32,2,0,16
BRDA:38,3,0,0
BRDA:38,3,1,18
BRDA:56,4,0,18
BRDA:56,4,1,16
BRDA:57,5,0,18
BRDA:57,5,1,17
BRDA:61,6,0,2
BRDA:61,6,1,16
BRDA:62,7,0,18
BRDA:62,7,1,1
BRDA:66,8,0,2
BRDA:66,8,1,16
BRF:15
BRH:14
end_of_record
TN:
SF:components\Card.tsx
FN:12,Card
FNF:1
FNH:1
FNDA:17,Card
DA:13,17
DA:14,17
DA:34,2
LF:3
LH:3
BRDA:12,0,0,16
BRDA:22,1,0,1
BRDA:22,1,1,16
BRDA:25,2,0,17
BRDA:25,2,1,16
BRF:5
BRH:5
end_of_record
TN:
SF:components\EmptyState.tsx
FN:16,EmptyState
FNF:1
FNH:1
FNDA:10,EmptyState
DA:17,10
DA:18,10
DA:32,1
LF:3
LH:3
BRDA:16,0,0,8
BRDA:22,1,0,10
BRDA:22,1,1,2
BRDA:25,2,0,10
BRDA:25,2,1,4
BRDA:25,2,2,3
BRF:6
BRH:6
end_of_record
TN:
SF:components\Input.tsx
FN:11,Input
FNF:1
FNH:1
FNDA:12,Input
DA:12,12
DA:13,12
DA:36,1
LF:3
LH:3
BRDA:15,0,0,12
BRDA:15,0,1,4
BRDA:23,1,0,3
BRDA:23,1,1,9
BRDA:31,2,0,12
BRDA:31,2,1,3
BRF:6
BRH:6
end_of_record
TN:
SF:components\KpiCard.tsx
FN:16,KpiCard
FNF:1
FNH:1
FNDA:9,KpiCard
DA:17,9
DA:18,9
DA:20,9
DA:34,1
LF:4
LH:4
BRDA:18,0,0,9
BRDA:18,0,1,8
BRDA:27,1,0,9
BRDA:27,1,1,1
BRF:4
BRH:4
end_of_record
TN:
SF:components\ProgressBar.tsx
FN:12,ProgressBar
FNF:1
FNH:1
FNDA:14,ProgressBar
DA:13,14
DA:14,14
DA:15,14
DA:17,14
DA:39,1
LF:5
LH:5
BRDA:12,0,0,10
BRDA:12,1,0,13
BRDA:15,2,0,14
BRDA:15,2,1,13
BRDA:32,3,0,14
BRDA:32,3,1,4
BRF:6
BRH:6
end_of_record
TN:
SF:components\ResponsiveLayout.tsx
FN:10,ResponsiveLayout
FNF:1
FNH:1
FNDA:5,ResponsiveLayout
DA:11,5
DA:12,5
DA:13,5
DA:15,5
DA:17,3
DA:27,1
LF:6
LH:6
BRDA:15,0,0,2
BRDA:15,0,1,3
BRF:2
BRH:2
end_of_record
TN:
SF:components\SidebarNav.tsx
FN:18,SidebarNav
FN:41,(anonymous_1)
FN:47,(anonymous_2)
FNF:3
FNH:3
FNDA:12,SidebarNav
FNDA:48,(anonymous_1)
FNDA:4,(anonymous_2)
DA:11,1
DA:19,12
DA:20,12
DA:21,12
DA:22,12
DA:24,12
DA:42,48
DA:43,48
DA:44,48
DA:47,4
DA:86,1
LF:11
LH:11
BRDA:43,0,0,48
BRDA:43,0,1,12
BRDA:53,1,0,48
BRDA:53,1,1,12
BRDA:57,2,0,12
BRDA:57,2,1,36
BRDA:59,3,0,12
BRDA:59,3,1,36
BRDA:64,4,0,12
BRDA:64,4,1,36
BRDA:65,5,0,48
BRDA:65,5,1,12
BRDA:70,6,0,48
BRDA:70,6,1,3
BRDA:72,7,0,1
BRDA:72,7,1,2
BRDA:75,8,0,48
BRDA:75,8,1,12
BRF:18
BRH:18
end_of_record
TN:
SF:components\SkeletonLoader.tsx
FN:12,Skeleton
FN:16,(anonymous_1)
FN:35,CardSkeleton
FNF:3
FNH:3
FNDA:20,Skeleton
FNDA:20,(anonymous_1)
FNDA:4,CardSkeleton
DA:13,20
DA:14,20
DA:16,20
DA:17,20
DA:25,20
DA:26,20
DA:28,20
DA:36,4
DA:37,4
DA:53,1
LF:10
LH:10
BRDA:12,0,0,6
BRDA:12,1,0,7
BRDA:12,2,0,19
BRDA:26,3,0,4
BRDA:26,3,1,16
BRDA:41,4,0,1
BRDA:41,4,1,3
BRF:7
BRH:7
end_of_record
TN:
SF:components\StatusChip.tsx
FN:14,StatusChip
FNF:1
FNH:1
FNDA:10,StatusChip
DA:15,10
DA:17,10
DA:26,10
DA:27,10
DA:28,10
DA:30,10
DA:37,1
LF:7
LH:7
BRDA:14,0,0,3
BRDA:27,1,0,2
BRDA:27,1,1,8
BRDA:28,2,0,10
BRDA:28,2,1,8
BRF:5
BRH:5
end_of_record
TN:
SF:lib\supabase.ts
FNF:0
FNH:0
DA:6,4
DA:8,4
DA:10,4
LF:3
LH:3
BRDA:12,0,0,1
BRDA:12,0,1,3
BRF:2
BRH:2
end_of_record
TN:
SF:lib\theme.ts
FNF:0
FNH:0
DA:1,22
DA:14,22
DA:29,22
DA:38,22
DA:47,22
DA:54,22
LF:6
LH:6
BRF:0
BRH:0
end_of_record
TN:
SF:lib\utils.ts
FN:6,formatDate
FN:13,formatDateTime
FN:18,formatRelative
FN:23,formatMinutes
FN:30,isOverdue
FN:35,priorityLabel
FN:45,statusLabel
FN:55,greetingByHour
FN:62,timerFormat
FN:68,crossAlert
FN:77,(anonymous_10)
FNF:11
FNH:10
FNDA:4,formatDate
FNDA:2,formatDateTime
FNDA:0,formatRelative
FNDA:7,formatMinutes
FNDA:3,isOverdue
FNDA:4,priorityLabel
FNDA:4,statusLabel
FNDA:6,greetingByHour
FNDA:6,timerFormat
FNDA:5,crossAlert
FNDA:2,(anonymous_10)
DA:7,4
DA:8,4
DA:9,3
DA:10,2
DA:14,2
DA:15,2
DA:19,0
DA:20,0
DA:24,7
DA:25,4
DA:26,4
DA:27,4
DA:31,3
DA:32,2
DA:36,4
DA:42,4
DA:46,4
DA:52,4
DA:56,6
DA:57,6
DA:58,4
DA:59,2
DA:63,6
DA:64,6
DA:65,6
DA:73,5
DA:74,3
DA:75,2
DA:76,2
DA:77,2
DA:78,1
DA:81,1
DA:82,1
DA:85,2
LF:34
LH:32
BRDA:7,0,0,1
BRDA:7,0,1,3
BRDA:8,1,0,1
BRDA:8,1,1,3
BRDA:9,2,0,1
BRDA:9,2,1,2
BRDA:14,3,0,1
BRDA:14,3,1,1
BRDA:19,4,0,0
BRDA:19,4,1,0
BRDA:24,5,0,3
BRDA:24,5,1,4
BRDA:27,6,0,2
BRDA:27,6,1,2
BRDA:31,7,0,1
BRDA:31,7,1,2
BRDA:57,8,0,2
BRDA:57,8,1,4
BRDA:58,9,0,2
BRDA:58,9,1,2
BRDA:73,10,0,3
BRDA:73,10,1,2
BRDA:74,11,0,2
BRDA:74,11,1,1
BRDA:74,12,0,3
BRDA:74,12,1,3
BRDA:75,13,0,2
BRDA:75,13,1,0
BRDA:76,14,0,1
BRDA:76,14,1,1
BRDA:81,15,0,1
BRDA:81,15,1,0
BRF:32
BRH:28
end_of_record
TN:
SF:lib\validation.ts
FN:49,validateEmail
FN:119,validatePassword
FN:128,(anonymous_2)
FN:156,strengthColor
FNF:4
FNH:4
FNDA:26,validateEmail
FNDA:24,validatePassword
FNDA:120,(anonymous_2)
FNDA:4,strengthColor
DA:1,1
DA:38,1
DA:50,26
DA:52,26
DA:53,2
DA:56,24
DA:57,1
DA:60,23
DA:61,23
DA:62,2
DA:65,21
DA:67,21
DA:68,1
DA:71,20
DA:72,1
DA:75,19
DA:76,1
DA:79,18
DA:80,1
DA:83,17
DA:84,17
DA:85,4
DA:88,13
DA:89,0
DA:92,13
DA:93,0
DA:96,13
DA:97,13
DA:98,5
DA:104,8
DA:120,24
DA:128,120
DA:129,24
DA:134,24
DA:135,3
DA:136,3
DA:137,21
DA:138,3
DA:139,3
DA:140,18
DA:141,10
DA:142,10
DA:144,8
DA:145,8
DA:148,24
DA:149,1
DA:150,1
DA:153,24
DA:157,4
DA:158,1
DA:159,1
DA:160,1
DA:161,1
LF:53
LH:51
BRDA:52,0,0,2
BRDA:52,0,1,24
BRDA:56,1,0,1
BRDA:56,1,1,23
BRDA:61,2,0,2
BRDA:61,2,1,21
BRDA:67,3,0,1
BRDA:67,3,1,20
BRDA:67,4,0,21
BRDA:67,4,1,20
BRDA:71,5,0,1
BRDA:71,5,1,19
BRDA:71,6,0,20
BRDA:71,6,1,19
BRDA:75,7,0,1
BRDA:75,7,1,18
BRDA:79,8,0,1
BRDA:79,8,1,17
BRDA:84,9,0,4
BRDA:84,9,1,13
BRDA:88,10,0,0
BRDA:88,10,1,13
BRDA:88,11,0,13
BRDA:88,11,1,13
BRDA:92,12,0,0
BRDA:92,12,1,13
BRDA:97,13,0,5
BRDA:97,13,1,8
BRDA:134,14,0,3
BRDA:134,14,1,21
BRDA:137,15,0,3
BRDA:137,15,1,18
BRDA:140,16,0,10
BRDA:140,16,1,8
BRDA:148,17,0,1
BRDA:148,17,1,23
BRDA:148,18,0,24
BRDA:148,18,1,1
BRDA:157,19,0,1
BRDA:157,19,1,1
BRDA:157,19,2,1
BRDA:157,19,3,1
BRF:42
BRH:40
end_of_record
TN:
SF:store\authStore.ts
FN:17,(anonymous_0)
FN:23,(anonymous_1)
FN:27,(anonymous_2)
FN:29,(anonymous_3)
FN:40,(anonymous_4)
FNF:5
FNH:5
FNDA:14,(anonymous_0)
FNDA:7,(anonymous_1)
FNDA:4,(anonymous_2)
FNDA:3,(anonymous_3)
FNDA:2,(anonymous_4)
DA:17,14
DA:24,7
DA:27,4
DA:30,3
DA:31,3
DA:32,2
DA:37,2
DA:41,2
DA:42,2
LF:9
LH:9
BRDA:24,0,0,7
BRDA:24,0,1,2
BRDA:31,1,0,1
BRDA:31,1,1,2
BRDA:37,2,0,1
BRDA:37,2,1,1
BRF:6
BRH:6
end_of_record
TN:
SF:store\notificationStore.ts
FN:15,(anonymous_0)
FN:20,(anonymous_1)
FN:30,(anonymous_2)
FN:35,(anonymous_3)
FN:37,(anonymous_4)
FN:38,(anonymous_5)
FN:45,(anonymous_6)
FN:47,(anonymous_7)
FN:48,(anonymous_8)
FN:53,(anonymous_9)
FN:54,(anonymous_10)
FNF:11
FNH:11
FNDA:18,(anonymous_0)
FNDA:5,(anonymous_1)
FNDA:6,(anonymous_2)
FNDA:4,(anonymous_3)
FNDA:4,(anonymous_4)
FNDA:5,(anonymous_5)
FNDA:2,(anonymous_6)
FNDA:2,(anonymous_7)
FNDA:3,(anonymous_8)
FNDA:4,(anonymous_9)
FNDA:4,(anonymous_10)
DA:15,18
DA:21,5
DA:22,5
DA:27,5
DA:28,5
DA:30,6
DA:36,4
DA:37,4
DA:39,5
DA:46,2
DA:47,2
DA:48,3
DA:54,4
LF:13
LH:13
BRDA:27,0,0,5
BRDA:27,0,1,1
BRDA:39,1,0,4
BRDA:39,1,1,1
BRDA:56,2,0,1
BRDA:56,2,1,3
BRF:6
BRH:6
end_of_record
TN:
SF:store\taskStore.ts
FN:15,(anonymous_0)
FN:20,(anonymous_1)
FN:30,(anonymous_2)
FN:42,(anonymous_3)
FN:44,(anonymous_4)
FN:45,(anonymous_5)
FN:46,(anonymous_6)
FNF:7
FNH:7
FNDA:13,(anonymous_0)
FNDA:4,(anonymous_1)
FNDA:3,(anonymous_2)
FNDA:3,(anonymous_3)
FNDA:3,(anonymous_4)
FNDA:5,(anonymous_5)
FNDA:1,(anonymous_6)
DA:15,13
DA:21,4
DA:22,4
DA:27,4
DA:31,3
DA:32,3
DA:39,3
DA:43,3
DA:44,3
DA:45,5
DA:46,1
LF:11
LH:11
BRDA:27,0,0,4
BRDA:27,0,1,1
BRDA:39,1,0,3
BRDA:39,1,1,1
BRDA:45,2,0,3
BRDA:45,2,1,2
BRDA:46,3,0,1
BRDA:46,3,1,0
BRF:8
BRH:7
end_of_record
TN:
SF:store\themeStore.ts
FN:16,resolveColors
FN:22,(anonymous_1)
FN:26,(anonymous_2)
FN:31,(anonymous_3)
FNF:4
FNH:4
FNDA:37,resolveColors
FNDA:20,(anonymous_1)
FNDA:13,(anonymous_2)
FNDA:4,(anonymous_3)
DA:17,37
DA:18,37
DA:19,37
DA:22,20
DA:27,13
DA:28,13
DA:32,4
DA:33,4
DA:34,4
LF:9
LH:9
BRDA:18,0,0,37
BRDA:18,0,1,31
BRDA:18,0,2,26
BRDA:19,1,0,9
BRDA:19,1,1,28
BRDA:33,2,0,4
BRDA:33,2,1,2
BRF:7
BRH:7
end_of_record
