TN:
SF:components\Button.tsx
FN:27,Button
FNF:1
FNH:0
FNDA:0,Button
DA:37,0
DA:38,0
DA:40,0
DA:46,0
DA:53,0
DA:75,0
LF:6
LH:0
BRDA:30,0,0,0
BRDA:31,1,0,0
BRDA:32,2,0,0
BRDA:38,3,0,0
BRDA:38,3,1,0
BRDA:56,4,0,0
BRDA:56,4,1,0
BRDA:57,5,0,0
BRDA:57,5,1,0
BRDA:61,6,0,0
BRDA:61,6,1,0
BRDA:62,7,0,0
BRDA:62,7,1,0
BRDA:66,8,0,0
BRDA:66,8,1,0
BRF:15
BRH:0
end_of_record
TN:
SF:components\Card.tsx
FN:12,Card
FNF:1
FNH:0
FNDA:0,Card
DA:13,0
DA:14,0
DA:34,0
LF:3
LH:0
BRDA:12,0,0,0
BRDA:22,1,0,0
BRDA:22,1,1,0
BRDA:25,2,0,0
BRDA:25,2,1,0
BRF:5
BRH:0
end_of_record
TN:
SF:components\EmptyState.tsx
FN:16,EmptyState
FNF:1
FNH:0
FNDA:0,EmptyState
DA:17,0
DA:18,0
DA:32,0
LF:3
LH:0
BRDA:16,0,0,0
BRDA:22,1,0,0
BRDA:22,1,1,0
BRDA:25,2,0,0
BRDA:25,2,1,0
BRDA:25,2,2,0
BRF:6
BRH:0
end_of_record
TN:
SF:components\Input.tsx
FN:11,Input
FNF:1
FNH:0
FNDA:0,Input
DA:12,0
DA:13,0
DA:36,0
LF:3
LH:0
BRDA:15,0,0,0
BRDA:15,0,1,0
BRDA:23,1,0,0
BRDA:23,1,1,0
BRDA:31,2,0,0
BRDA:31,2,1,0
BRF:6
BRH:0
end_of_record
TN:
SF:components\KpiCard.tsx
FN:16,KpiCard
FNF:1
FNH:0
FNDA:0,KpiCard
DA:17,0
DA:18,0
DA:20,0
DA:34,0
LF:4
LH:0
BRDA:18,0,0,0
BRDA:18,0,1,0
BRDA:27,1,0,0
BRDA:27,1,1,0
BRF:4
BRH:0
end_of_record
TN:
SF:components\ProgressBar.tsx
FN:12,ProgressBar
FNF:1
FNH:0
FNDA:0,ProgressBar
DA:13,0
DA:14,0
DA:15,0
DA:17,0
DA:39,0
LF:5
LH:0
BRDA:12,0,0,0
BRDA:12,1,0,0
BRDA:15,2,0,0
BRDA:15,2,1,0
BRDA:32,3,0,0
BRDA:32,3,1,0
BRF:6
BRH:0
end_of_record
TN:
SF:components\ResponsiveLayout.tsx
FN:10,ResponsiveLayout
FNF:1
FNH:0
FNDA:0,ResponsiveLayout
DA:11,0
DA:12,0
DA:13,0
DA:15,0
DA:17,0
DA:27,0
LF:6
LH:0
BRDA:15,0,0,0
BRDA:15,0,1,0
BRF:2
BRH:0
end_of_record
TN:
SF:components\SidebarNav.tsx
FN:18,SidebarNav
FN:41,(anonymous_1)
FN:47,(anonymous_2)
FNF:3
FNH:0
FNDA:0,SidebarNav
FNDA:0,(anonymous_1)
FNDA:0,(anonymous_2)
DA:11,0
DA:19,0
DA:20,0
DA:21,0
DA:22,0
DA:24,0
DA:42,0
DA:43,0
DA:44,0
DA:47,0
DA:86,0
LF:11
LH:0
BRDA:43,0,0,0
BRDA:43,0,1,0
BRDA:53,1,0,0
BRDA:53,1,1,0
BRDA:57,2,0,0
BRDA:57,2,1,0
BRDA:59,3,0,0
BRDA:59,3,1,0
BRDA:64,4,0,0
BRDA:64,4,1,0
BRDA:65,5,0,0
BRDA:65,5,1,0
BRDA:70,6,0,0
BRDA:70,6,1,0
BRDA:72,7,0,0
BRDA:72,7,1,0
BRDA:75,8,0,0
BRDA:75,8,1,0
BRF:18
BRH:0
end_of_record
TN:
SF:components\SkeletonLoader.tsx
FN:12,Skeleton
FN:16,(anonymous_1)
FN:35,CardSkeleton
FNF:3
FNH:0
FNDA:0,Skeleton
FNDA:0,(anonymous_1)
FNDA:0,CardSkeleton
DA:13,0
DA:14,0
DA:16,0
DA:17,0
DA:25,0
DA:26,0
DA:28,0
DA:36,0
DA:37,0
DA:53,0
LF:10
LH:0
BRDA:12,0,0,0
BRDA:12,1,0,0
BRDA:12,2,0,0
BRDA:26,3,0,0
BRDA:26,3,1,0
BRDA:41,4,0,0
BRDA:41,4,1,0
BRF:7
BRH:0
end_of_record
TN:
SF:components\StatusChip.tsx
FN:14,StatusChip
FNF:1
FNH:0
FNDA:0,StatusChip
DA:15,0
DA:17,0
DA:26,0
DA:27,0
DA:28,0
DA:30,0
DA:37,0
LF:7
LH:0
BRDA:14,0,0,0
BRDA:27,1,0,0
BRDA:27,1,1,0
BRDA:28,2,0,0
BRDA:28,2,1,0
BRF:5
BRH:0
end_of_record
TN:
SF:lib\supabase.ts
FNF:0
FNH:0
DA:6,0
DA:8,0
DA:10,0
LF:3
LH:0
BRDA:12,0,0,0
BRDA:12,0,1,0
BRF:2
BRH:0
end_of_record
TN:
SF:lib\theme.ts
FNF:0
FNH:0
DA:1,22
DA:14,22
DA:29,22
DA:38,22
DA:47,22
DA:54,22
LF:6
LH:6
BRF:0
BRH:0
end_of_record
TN:
SF:lib\types.ts
FNF:0
FNH:0
LF:0
LH:0
BRF:0
BRH:0
end_of_record
TN:
SF:lib\utils.ts
FN:6,formatDate
FN:13,formatDateTime
FN:18,formatRelative
FN:23,formatMinutes
FN:30,isOverdue
FN:35,priorityLabel
FN:45,statusLabel
FN:55,greetingByHour
FN:62,timerFormat
FN:68,crossAlert
FN:77,(anonymous_10)
FNF:11
FNH:10
FNDA:4,formatDate
FNDA:2,formatDateTime
FNDA:0,formatRelative
FNDA:7,formatMinutes
FNDA:3,isOverdue
FNDA:4,priorityLabel
FNDA:4,statusLabel
FNDA:6,greetingByHour
FNDA:6,timerFormat
FNDA:5,crossAlert
FNDA:2,(anonymous_10)
DA:7,4
DA:8,4
DA:9,3
DA:10,2
DA:14,2
DA:15,2
DA:19,0
DA:20,0
DA:24,7
DA:25,4
DA:26,4
DA:27,4
DA:31,3
DA:32,2
DA:36,4
DA:42,4
DA:46,4
DA:52,4
DA:56,6
DA:57,6
DA:58,4
DA:59,2
DA:63,6
DA:64,6
DA:65,6
DA:73,5
DA:74,3
DA:75,2
DA:76,2
DA:77,2
DA:78,1
DA:81,1
DA:82,1
DA:85,2
LF:34
LH:32
BRDA:7,0,0,1
BRDA:7,0,1,3
BRDA:8,1,0,1
BRDA:8,1,1,3
BRDA:9,2,0,1
BRDA:9,2,1,2
BRDA:14,3,0,1
BRDA:14,3,1,1
BRDA:19,4,0,0
BRDA:19,4,1,0
BRDA:24,5,0,3
BRDA:24,5,1,4
BRDA:27,6,0,2
BRDA:27,6,1,2
BRDA:31,7,0,1
BRDA:31,7,1,2
BRDA:57,8,0,2
BRDA:57,8,1,4
BRDA:58,9,0,2
BRDA:58,9,1,2
BRDA:73,10,0,3
BRDA:73,10,1,2
BRDA:74,11,0,2
BRDA:74,11,1,1
BRDA:74,12,0,3
BRDA:74,12,1,3
BRDA:75,13,0,2
BRDA:75,13,1,0
BRDA:76,14,0,1
BRDA:76,14,1,1
BRDA:81,15,0,1
BRDA:81,15,1,0
BRF:32
BRH:28
end_of_record
TN:
SF:lib\validation.ts
FN:49,validateEmail
FN:119,validatePassword
FN:128,(anonymous_2)
FN:156,strengthColor
FNF:4
FNH:4
FNDA:26,validateEmail
FNDA:24,validatePassword
FNDA:120,(anonymous_2)
FNDA:4,strengthColor
DA:1,1
DA:38,1
DA:50,26
DA:52,26
DA:53,2
DA:56,24
DA:57,1
DA:60,23
DA:61,23
DA:62,2
DA:65,21
DA:67,21
DA:68,1
DA:71,20
DA:72,1
DA:75,19
DA:76,1
DA:79,18
DA:80,1
DA:83,17
DA:84,17
DA:85,4
DA:88,13
DA:89,0
DA:92,13
DA:93,0
DA:96,13
DA:97,13
DA:98,5
DA:104,8
DA:120,24
DA:128,120
DA:129,24
DA:134,24
DA:135,3
DA:136,3
DA:137,21
DA:138,3
DA:139,3
DA:140,18
DA:141,10
DA:142,10
DA:144,8
DA:145,8
DA:148,24
DA:149,1
DA:150,1
DA:153,24
DA:157,4
DA:158,1
DA:159,1
DA:160,1
DA:161,1
LF:53
LH:51
BRDA:52,0,0,2
BRDA:52,0,1,24
BRDA:56,1,0,1
BRDA:56,1,1,23
BRDA:61,2,0,2
BRDA:61,2,1,21
BRDA:67,3,0,1
BRDA:67,3,1,20
BRDA:67,4,0,21
BRDA:67,4,1,20
BRDA:71,5,0,1
BRDA:71,5,1,19
BRDA:71,6,0,20
BRDA:71,6,1,19
BRDA:75,7,0,1
BRDA:75,7,1,18
BRDA:79,8,0,1
BRDA:79,8,1,17
BRDA:84,9,0,4
BRDA:84,9,1,13
BRDA:88,10,0,0
BRDA:88,10,1,13
BRDA:88,11,0,13
BRDA:88,11,1,13
BRDA:92,12,0,0
BRDA:92,12,1,13
BRDA:97,13,0,5
BRDA:97,13,1,8
BRDA:134,14,0,3
BRDA:134,14,1,21
BRDA:137,15,0,3
BRDA:137,15,1,18
BRDA:140,16,0,10
BRDA:140,16,1,8
BRDA:148,17,0,1
BRDA:148,17,1,23
BRDA:148,18,0,24
BRDA:148,18,1,1
BRDA:157,19,0,1
BRDA:157,19,1,1
BRDA:157,19,2,1
BRDA:157,19,3,1
BRF:42
BRH:40
end_of_record
TN:
SF:store\authStore.ts
FN:17,(anonymous_0)
FN:23,(anonymous_1)
FN:27,(anonymous_2)
FN:29,(anonymous_3)
FN:40,(anonymous_4)
FNF:5
FNH:0
FNDA:0,(anonymous_0)
FNDA:0,(anonymous_1)
FNDA:0,(anonymous_2)
FNDA:0,(anonymous_3)
FNDA:0,(anonymous_4)
DA:17,0
DA:24,0
DA:27,0
DA:30,0
DA:31,0
DA:32,0
DA:37,0
DA:41,0
DA:42,0
LF:9
LH:0
BRDA:24,0,0,0
BRDA:24,0,1,0
BRDA:31,1,0,0
BRDA:31,1,1,0
BRDA:37,2,0,0
BRDA:37,2,1,0
BRF:6
BRH:0
end_of_record
TN:
SF:store\notificationStore.ts
FN:15,(anonymous_0)
FN:20,(anonymous_1)
FN:30,(anonymous_2)
FN:35,(anonymous_3)
FN:37,(anonymous_4)
FN:38,(anonymous_5)
FN:45,(anonymous_6)
FN:47,(anonymous_7)
FN:48,(anonymous_8)
FN:53,(anonymous_9)
FN:54,(anonymous_10)
FNF:11
FNH:0
FNDA:0,(anonymous_0)
FNDA:0,(anonymous_1)
FNDA:0,(anonymous_2)
FNDA:0,(anonymous_3)
FNDA:0,(anonymous_4)
FNDA:0,(anonymous_5)
FNDA:0,(anonymous_6)
FNDA:0,(anonymous_7)
FNDA:0,(anonymous_8)
FNDA:0,(anonymous_9)
FNDA:0,(anonymous_10)
DA:15,0
DA:21,0
DA:22,0
DA:27,0
DA:28,0
DA:30,0
DA:36,0
DA:37,0
DA:39,0
DA:46,0
DA:47,0
DA:48,0
DA:54,0
LF:13
LH:0
BRDA:27,0,0,0
BRDA:27,0,1,0
BRDA:39,1,0,0
BRDA:39,1,1,0
BRDA:56,2,0,0
BRDA:56,2,1,0
BRF:6
BRH:0
end_of_record
TN:
SF:store\taskStore.ts
FN:15,(anonymous_0)
FN:20,(anonymous_1)
FN:30,(anonymous_2)
FN:42,(anonymous_3)
FN:44,(anonymous_4)
FN:45,(anonymous_5)
FN:46,(anonymous_6)
FNF:7
FNH:0
FNDA:0,(anonymous_0)
FNDA:0,(anonymous_1)
FNDA:0,(anonymous_2)
FNDA:0,(anonymous_3)
FNDA:0,(anonymous_4)
FNDA:0,(anonymous_5)
FNDA:0,(anonymous_6)
DA:15,0
DA:21,0
DA:22,0
DA:27,0
DA:31,0
DA:32,0
DA:39,0
DA:43,0
DA:44,0
DA:45,0
DA:46,0
LF:11
LH:0
BRDA:27,0,0,0
BRDA:27,0,1,0
BRDA:39,1,0,0
BRDA:39,1,1,0
BRDA:45,2,0,0
BRDA:45,2,1,0
BRDA:46,3,0,0
BRDA:46,3,1,0
BRF:8
BRH:0
end_of_record
TN:
SF:store\themeStore.ts
FN:16,resolveColors
FN:22,(anonymous_1)
FN:26,(anonymous_2)
FN:31,(anonymous_3)
FNF:4
FNH:4
FNDA:37,resolveColors
FNDA:20,(anonymous_1)
FNDA:13,(anonymous_2)
FNDA:4,(anonymous_3)
DA:17,37
DA:18,37
DA:19,37
DA:22,20
DA:27,13
DA:28,13
DA:32,4
DA:33,4
DA:34,4
LF:9
LH:9
BRDA:18,0,0,37
BRDA:18,0,1,31
BRDA:18,0,2,26
BRDA:19,1,0,9
BRDA:19,1,1,28
BRDA:33,2,0,4
BRDA:33,2,1,2
BRF:7
BRH:7
end_of_record
